TN:
SF:D:\fcmp\FCMP\task_angular\news-app\src\polyfills.ts
FNF:0
FNH:0
LF:0
LH:0
BRF:0
BRH:0
end_of_record
TN:
SF:D:\fcmp\FCMP\task_angular\news-app\src\test.ts
FNF:0
FNH:0
DA:18,1
DA:23,1
DA:25,1
LF:3
LH:3
BRF:0
BRH:0
end_of_record
TN:
SF:D:\fcmp\FCMP\task_angular\news-app\src\app\app.component.ts
FN:8,(anonymous_0)
FNF:1
FNH:1
FNDA:2,(anonymous_0)
DA:8,1
DA:9,2
LF:2
LH:2
BRF:0
BRH:0
end_of_record
TN:
SF:D:\fcmp\FCMP\task_angular\news-app\src\app\config.ts
FNF:0
FNH:0
DA:1,1
LF:1
LH:1
BRF:0
BRH:0
end_of_record
TN:
SF:D:\fcmp\FCMP\task_angular\news-app\src\app\current-news-list.service.ts
FN:10,(anonymous_0)
FN:12,(anonymous_1)
FN:16,(anonymous_2)
FN:17,(anonymous_3)
FNF:4
FNH:1
FNDA:2,(anonymous_0)
FNDA:0,(anonymous_1)
FNDA:0,(anonymous_2)
FNDA:0,(anonymous_3)
DA:6,1
DA:13,0
DA:17,0
LF:3
LH:1
BRF:0
BRH:0
end_of_record
TN:
SF:D:\fcmp\FCMP\task_angular\news-app\src\app\filter-by-word.pipe.ts
FN:8,(anonymous_0)
FN:10,(anonymous_1)
FN:10,(anonymous_2)
FN:13,(anonymous_3)
FNF:4
FNH:0
FNDA:0,(anonymous_0)
FNDA:0,(anonymous_1)
FNDA:0,(anonymous_2)
FNDA:0,(anonymous_3)
DA:6,1
DA:10,0
DA:14,0
DA:15,0
DA:16,0
LF:5
LH:1
BRDA:10,0,0,0
BRDA:10,0,1,0
BRDA:16,1,0,0
BRDA:16,1,1,0
BRF:4
BRH:0
end_of_record
TN:
SF:D:\fcmp\FCMP\task_angular\news-app\src\app\local-news.service.ts
FN:20,(anonymous_0)
FN:22,(anonymous_1)
FN:26,(anonymous_2)
FN:27,(anonymous_3)
FN:31,(anonymous_4)
FN:36,(anonymous_5)
FN:37,(anonymous_6)
FN:40,(anonymous_7)
FN:41,(anonymous_8)
FNF:9
FNH:1
FNDA:3,(anonymous_0)
FNDA:0,(anonymous_1)
FNDA:0,(anonymous_2)
FNDA:0,(anonymous_3)
FNDA:0,(anonymous_4)
FNDA:0,(anonymous_5)
FNDA:0,(anonymous_6)
FNDA:0,(anonymous_7)
FNDA:0,(anonymous_8)
DA:6,1
DA:7,3
DA:18,3
DA:23,0
DA:27,0
DA:28,0
DA:32,0
DA:33,0
DA:37,0
DA:41,0
DA:42,0
LF:11
LH:3
BRF:0
BRH:0
end_of_record
TN:
SF:D:\fcmp\FCMP\task_angular\news-app\src\app\news-api.service.ts
FN:10,(anonymous_0)
FN:12,(anonymous_1)
FN:16,(anonymous_2)
FNF:3
FNH:1
FNDA:1,(anonymous_0)
FNDA:0,(anonymous_1)
FNDA:0,(anonymous_2)
DA:8,1
DA:10,1
DA:13,0
DA:17,0
LF:4
LH:2
BRF:0
BRH:0
end_of_record
TN:
SF:D:\fcmp\FCMP\task_angular\news-app\src\app\user.service.ts
FN:10,(anonymous_0)
FN:12,(anonymous_1)
FN:16,(anonymous_2)
FN:20,(anonymous_3)
FNF:4
FNH:1
FNDA:4,(anonymous_0)
FNDA:0,(anonymous_1)
FNDA:0,(anonymous_2)
FNDA:0,(anonymous_3)
DA:6,1
DA:8,4
DA:13,0
DA:17,0
DA:21,0
LF:5
LH:2
BRF:0
BRH:0
end_of_record
TN:
SF:D:\fcmp\FCMP\task_angular\news-app\src\app\article-page\article-page.component.ts
FN:20,(anonymous_0)
FN:27,(anonymous_1)
FN:28,(anonymous_2)
FN:36,(anonymous_3)
FNF:4
FNH:1
FNDA:1,(anonymous_0)
FNDA:0,(anonymous_1)
FNDA:0,(anonymous_2)
FNDA:0,(anonymous_3)
DA:12,1
DA:18,1
DA:21,1
DA:22,1
DA:23,1
DA:24,1
DA:28,0
DA:29,0
DA:30,0
DA:31,0
DA:37,0
DA:38,0
DA:39,0
LF:13
LH:6
BRDA:30,0,0,0
BRDA:30,0,1,0
BRF:2
BRH:0
end_of_record
TN:
SF:D:\fcmp\FCMP\task_angular\news-app\src\app\create-edit-article\create-edit-article.component.ts
FN:30,(anonymous_0)
FN:37,(anonymous_1)
FN:38,(anonymous_2)
FN:49,(anonymous_3)
FNF:4
FNH:2
FNDA:3,(anonymous_0)
FNDA:0,(anonymous_1)
FNDA:0,(anonymous_2)
FNDA:2,(anonymous_3)
DA:14,1
DA:19,3
DA:20,3
DA:31,3
DA:32,3
DA:33,3
DA:34,3
DA:38,0
DA:39,0
DA:40,0
DA:41,0
DA:43,0
DA:44,0
DA:46,0
DA:50,2
DA:51,1
DA:52,1
DA:53,1
DA:55,1
DA:57,2
LF:20
LH:13
BRDA:40,0,0,0
BRDA:40,0,1,0
BRDA:43,1,0,0
BRDA:43,1,1,0
BRDA:44,2,0,0
BRDA:44,2,1,0
BRDA:50,3,0,1
BRDA:50,3,1,1
BRF:8
BRH:2
end_of_record
TN:
SF:D:\fcmp\FCMP\task_angular\news-app\src\app\custom-select\custom-select.component.ts
FN:17,(anonymous_0)
FN:19,(anonymous_1)
FN:21,(anonymous_2)
FN:22,(anonymous_3)
FNF:4
FNH:1
FNDA:1,(anonymous_0)
FNDA:0,(anonymous_1)
FNDA:0,(anonymous_2)
FNDA:0,(anonymous_3)
DA:8,1
DA:10,1
DA:11,1
DA:13,1
DA:22,0
DA:23,0
LF:6
LH:4
BRF:0
BRH:0
end_of_record
TN:
SF:D:\fcmp\FCMP\task_angular\news-app\src\app\footer\footer.component.ts
FN:10,(anonymous_0)
FN:12,(anonymous_1)
FNF:2
FNH:1
FNDA:1,(anonymous_0)
FNDA:0,(anonymous_1)
DA:8,1
LF:1
LH:1
BRF:0
BRH:0
end_of_record
TN:
SF:D:\fcmp\FCMP\task_angular\news-app\src\app\header\header.component.ts
FN:10,(anonymous_0)
FN:12,(anonymous_1)
FNF:2
FNH:1
FNDA:1,(anonymous_0)
FNDA:0,(anonymous_1)
DA:8,1
LF:1
LH:1
BRF:0
BRH:0
end_of_record
TN:
SF:D:\fcmp\FCMP\task_angular\news-app\src\app\load-more-button\load-more-button.component.ts
FN:12,(anonymous_0)
FN:14,(anonymous_1)
FNF:2
FNH:1
FNDA:1,(anonymous_0)
FNDA:0,(anonymous_1)
DA:8,1
DA:10,1
DA:15,0
LF:3
LH:2
BRF:0
BRH:0
end_of_record
TN:
SF:D:\fcmp\FCMP\task_angular\news-app\src\app\login-button\login-button.component.ts
FN:12,(anonymous_0)
FN:14,(anonymous_1)
FN:18,(anonymous_2)
FNF:3
FNH:3
FNDA:4,(anonymous_0)
FNDA:1,(anonymous_1)
FNDA:2,(anonymous_2)
DA:8,1
DA:12,4
DA:15,1
DA:19,2
DA:20,1
DA:21,1
DA:23,1
DA:24,1
LF:8
LH:8
BRDA:19,0,0,1
BRDA:19,0,1,1
BRF:2
BRH:2
end_of_record
TN:
SF:D:\fcmp\FCMP\task_angular\news-app\src\app\main\main.component.ts
FN:10,(anonymous_0)
FN:12,(anonymous_1)
FNF:2
FNH:1
FNDA:1,(anonymous_0)
FNDA:0,(anonymous_1)
DA:8,1
LF:1
LH:1
BRF:0
BRH:0
end_of_record
TN:
SF:D:\fcmp\FCMP\task_angular\news-app\src\app\main-page\main-page.component.ts
FN:26,(anonymous_0)
FN:41,(anonymous_1)
FN:43,(anonymous_2)
FN:48,(anonymous_3)
FN:50,(anonymous_4)
FN:53,(anonymous_5)
FN:58,(anonymous_6)
FN:61,(anonymous_7)
FN:67,(anonymous_8)
FN:72,(anonymous_9)
FN:74,(anonymous_10)
FN:81,(anonymous_11)
FNF:12
FNH:11
FNDA:8,(anonymous_0)
FNDA:1,(anonymous_1)
FNDA:1,(anonymous_2)
FNDA:2,(anonymous_3)
FNDA:1,(anonymous_4)
FNDA:1,(anonymous_5)
FNDA:2,(anonymous_6)
FNDA:1,(anonymous_7)
FNDA:1,(anonymous_8)
FNDA:2,(anonymous_9)
FNDA:1,(anonymous_10)
FNDA:0,(anonymous_11)
DA:24,1
DA:27,8
DA:28,8
DA:29,8
DA:35,8
DA:36,8
DA:37,8
DA:38,8
DA:42,1
DA:43,1
DA:44,1
DA:45,1
DA:49,2
DA:51,1
DA:54,1
DA:59,2
DA:60,2
DA:62,1
DA:63,1
DA:64,1
DA:65,1
DA:68,1
DA:73,2
DA:74,1
DA:76,1
DA:78,2
DA:82,0
DA:83,0
LF:28
LH:26
BRDA:73,0,0,1
BRDA:73,0,1,1
BRF:2
BRH:2
end_of_record
TN:
SF:D:\fcmp\FCMP\task_angular\news-app\src\app\news-list\news-list.component.ts
FN:15,(anonymous_0)
FN:17,(anonymous_1)
FN:19,(anonymous_2)
FN:24,(anonymous_3)
FN:29,(anonymous_4)
FNF:5
FNH:1
FNDA:1,(anonymous_0)
FNDA:0,(anonymous_1)
FNDA:0,(anonymous_2)
FNDA:0,(anonymous_3)
FNDA:0,(anonymous_4)
DA:8,1
DA:9,1
DA:10,1
DA:13,1
DA:20,0
DA:21,0
DA:25,0
DA:26,0
DA:30,0
LF:9
LH:4
BRDA:20,0,0,0
BRDA:20,0,1,0
BRDA:25,1,0,0
BRDA:25,1,1,0
BRF:4
BRH:0
end_of_record
TN:
SF:D:\fcmp\FCMP\task_angular\news-app\src\app\news-list-item\news-list-item.component.ts
FN:13,(anonymous_0)
FN:17,(anonymous_1)
FN:20,(anonymous_2)
FN:23,(anonymous_3)
FNF:4
FNH:1
FNDA:1,(anonymous_0)
FNDA:0,(anonymous_1)
FNDA:0,(anonymous_2)
FNDA:0,(anonymous_3)
DA:9,1
DA:10,1
DA:11,1
DA:14,1
DA:24,0
DA:25,0
LF:6
LH:4
BRF:0
BRH:0
end_of_record
TN:
SF:D:\fcmp\FCMP\task_angular\news-app\src\app\not-found\not-found.component.ts
FN:10,(anonymous_0)
FN:12,(anonymous_1)
FNF:2
FNH:1
FNDA:1,(anonymous_0)
FNDA:0,(anonymous_1)
DA:8,1
LF:1
LH:1
BRF:0
BRH:0
end_of_record
